build/app/intermediates/manifest_merge_blame_file/debug/manifest-merger-blame-debug-report.txt
1<?xml version="1.0" encoding="utf-8"?>
2<manifest xmlns:android="http://schemas.android.com/apk/res/android"
3    package="com.task9adderr.taskadder"
4    android:versionCode="1"
5    android:versionName="1.0.0" >
6
7    <uses-sdk
8        android:minSdkVersion="19"
9        android:targetSdkVersion="31" />
10    <!--
11         Flutter needs it to communicate with the running application
12         to allow setting breakpoints, to provide hot reload, etc.
13    -->
14    <uses-permission android:name="android.permission.INTERNET" />
14-->src/main/AndroidManifest.xml:4:8-70
14-->src/main/AndroidManifest.xml:4:25-67
15    <uses-permission android:name="android.permission.ACCESS_NETWORK_STATE" />
15-->src/main/AndroidManifest.xml:3:5-79
15-->src/main/AndroidManifest.xml:3:22-76
16    <uses-permission android:name="android.permission.WAKE_LOCK" /> <!-- Required by older versions of Google Play services to create IID tokens -->
16-->[:firebase_messaging] AndroidManifest.xml:8:5-68
16-->[:firebase_messaging] AndroidManifest.xml:8:22-65
17    <uses-permission android:name="com.google.android.c2dm.permission.RECEIVE" />
17-->[com.google.firebase:firebase-messaging:23.0.2] AndroidManifest.xml:28:5-82
17-->[com.google.firebase:firebase-messaging:23.0.2] AndroidManifest.xml:28:22-79
18
19    <application
20        android:name="android.app.Application"
21        android:appComponentFactory="androidx.core.app.CoreComponentFactory"
21-->[androidx.core:core:1.6.0] AndroidManifest.xml:24:18-86
22        android:debuggable="true"
23        android:icon="@mipmap/ic_launcher"
24        android:label="tasksadd" >
25        <activity
26            android:name="com.task9adderr.taskadder.MainActivity"
27            android:configChanges="orientation|keyboardHidden|keyboard|screenSize|smallestScreenSize|locale|layoutDirection|fontScale|screenLayout|density|uiMode"
28            android:exported="true"
29            android:hardwareAccelerated="true"
30            android:launchMode="singleTop"
31            android:theme="@style/LaunchTheme"
32            android:windowSoftInputMode="adjustResize" >
33
34            <!--
35                 Specifies an Android theme to apply to this Activity as soon as
36                 the Android process has started. This theme is visible to the user
37                 while the Flutter UI initializes. After that, this theme continues
38                 to determine the Window background behind the Flutter UI.
39            -->
40            <meta-data
41                android:name="io.flutter.embedding.android.NormalTheme"
42                android:resource="@style/NormalTheme" />
43
44            <intent-filter>
45                <action android:name="android.intent.action.MAIN" />
46
47                <category android:name="android.intent.category.LAUNCHER" />
48            </intent-filter>
49        </activity>
50        <!--
51             Don't delete the meta-data below.
52             This is used by the Flutter tool to generate GeneratedPluginRegistrant.java
53        -->
54        <meta-data
55            android:name="flutterEmbedding"
56            android:value="2" />
57
58        <service
58-->[:cloud_firestore] AndroidManifest.xml:8:9-12:19
59            android:name="com.google.firebase.components.ComponentDiscoveryService"
59-->[:cloud_firestore] AndroidManifest.xml:8:18-89
60            android:directBootAware="true"
60-->[com.google.firebase:firebase-common:20.1.0] AndroidManifest.xml:35:13-43
61            android:exported="false" >
61-->[com.google.firebase:firebase-firestore:24.1.0] AndroidManifest.xml:19:13-37
62            <meta-data
62-->[:cloud_firestore] AndroidManifest.xml:9:13-11:85
63                android:name="com.google.firebase.components:io.flutter.plugins.firebase.firestore.FlutterFirebaseFirestoreRegistrar"
63-->[:cloud_firestore] AndroidManifest.xml:10:17-134
64                android:value="com.google.firebase.components.ComponentRegistrar" />
64-->[:cloud_firestore] AndroidManifest.xml:11:17-82
65            <meta-data
65-->[:firebase_messaging] AndroidManifest.xml:34:13-36:85
66                android:name="com.google.firebase.components:io.flutter.plugins.firebase.messaging.FlutterFirebaseAppRegistrar"
66-->[:firebase_messaging] AndroidManifest.xml:35:17-128
67                android:value="com.google.firebase.components.ComponentRegistrar" />
67-->[:firebase_messaging] AndroidManifest.xml:36:17-82
68            <meta-data
68-->[:firebase_core] AndroidManifest.xml:9:13-11:85
69                android:name="com.google.firebase.components:io.flutter.plugins.firebase.core.FlutterFirebaseCoreRegistrar"
69-->[:firebase_core] AndroidManifest.xml:10:17-124
70                android:value="com.google.firebase.components.ComponentRegistrar" />
70-->[:firebase_core] AndroidManifest.xml:11:17-82
71            <meta-data
71-->[com.google.firebase:firebase-firestore:24.1.0] AndroidManifest.xml:20:13-22:85
72                android:name="com.google.firebase.components:com.google.firebase.firestore.FirestoreRegistrar"
72-->[com.google.firebase:firebase-firestore:24.1.0] AndroidManifest.xml:21:17-111
73                android:value="com.google.firebase.components.ComponentRegistrar" />
73-->[com.google.firebase:firebase-firestore:24.1.0] AndroidManifest.xml:22:17-82
74            <meta-data
74-->[com.google.firebase:firebase-messaging:23.0.2] AndroidManifest.xml:55:13-57:85
75                android:name="com.google.firebase.components:com.google.firebase.messaging.FirebaseMessagingRegistrar"
75-->[com.google.firebase:firebase-messaging:23.0.2] AndroidManifest.xml:56:17-119
76                android:value="com.google.firebase.components.ComponentRegistrar" />
76-->[com.google.firebase:firebase-messaging:23.0.2] AndroidManifest.xml:57:17-82
77            <meta-data
77-->[com.google.firebase:firebase-datatransport:18.1.1] AndroidManifest.xml:28:13-30:85
78                android:name="com.google.firebase.components:com.google.firebase.datatransport.TransportRegistrar"
78-->[com.google.firebase:firebase-datatransport:18.1.1] AndroidManifest.xml:29:17-115
79                android:value="com.google.firebase.components.ComponentRegistrar" />
79-->[com.google.firebase:firebase-datatransport:18.1.1] AndroidManifest.xml:30:17-82
80            <meta-data
80-->[com.google.firebase:firebase-installations:17.0.1] AndroidManifest.xml:18:13-20:85
81                android:name="com.google.firebase.components:com.google.firebase.installations.FirebaseInstallationsRegistrar"
81-->[com.google.firebase:firebase-installations:17.0.1] AndroidManifest.xml:19:17-127
82                android:value="com.google.firebase.components.ComponentRegistrar" />
82-->[com.google.firebase:firebase-installations:17.0.1] AndroidManifest.xml:20:17-82
83        </service>
84        <service
84-->[:firebase_messaging] AndroidManifest.xml:12:9-15:72
85            android:name="io.flutter.plugins.firebase.messaging.FlutterFirebaseMessagingBackgroundService"
85-->[:firebase_messaging] AndroidManifest.xml:13:13-107
86            android:exported="false"
86-->[:firebase_messaging] AndroidManifest.xml:14:13-37
87            android:permission="android.permission.BIND_JOB_SERVICE" />
87-->[:firebase_messaging] AndroidManifest.xml:15:13-69
88        <service
88-->[:firebase_messaging] AndroidManifest.xml:16:9-22:19
89            android:name="io.flutter.plugins.firebase.messaging.FlutterFirebaseMessagingService"
89-->[:firebase_messaging] AndroidManifest.xml:17:13-97
90            android:exported="false" >
90-->[:firebase_messaging] AndroidManifest.xml:18:13-37
91            <intent-filter>
91-->[:firebase_messaging] AndroidManifest.xml:19:13-21:29
92                <action android:name="com.google.firebase.MESSAGING_EVENT" />
92-->[:firebase_messaging] AndroidManifest.xml:20:17-78
92-->[:firebase_messaging] AndroidManifest.xml:20:25-75
93            </intent-filter>
94        </service>
95
96        <receiver
96-->[:firebase_messaging] AndroidManifest.xml:24:9-31:20
97            android:name="io.flutter.plugins.firebase.messaging.FlutterFirebaseMessagingReceiver"
97-->[:firebase_messaging] AndroidManifest.xml:25:13-98
98            android:exported="true"
98-->[:firebase_messaging] AndroidManifest.xml:26:13-36
99            android:permission="com.google.android.c2dm.permission.SEND" >
99-->[:firebase_messaging] AndroidManifest.xml:27:13-73
100            <intent-filter>
100-->[:firebase_messaging] AndroidManifest.xml:28:13-30:29
101                <action android:name="com.google.android.c2dm.intent.RECEIVE" />
101-->[:firebase_messaging] AndroidManifest.xml:29:17-81
101-->[:firebase_messaging] AndroidManifest.xml:29:25-78
102            </intent-filter>
103        </receiver>
104
105        <provider
105-->[:firebase_messaging] AndroidManifest.xml:39:9-43:38
106            android:name="io.flutter.plugins.firebase.messaging.FlutterFirebaseMessagingInitProvider"
106-->[:firebase_messaging] AndroidManifest.xml:40:13-102
107            android:authorities="com.task9adderr.taskadder.flutterfirebasemessaginginitprovider"
107-->[:firebase_messaging] AndroidManifest.xml:41:13-88
108            android:exported="false"
108-->[:firebase_messaging] AndroidManifest.xml:42:13-37
109            android:initOrder="99" />
109-->[:firebase_messaging] AndroidManifest.xml:43:13-35
110
111        <uses-library
111-->[androidx.window:window:1.0.0-beta04] AndroidManifest.xml:25:9-27:40
112            android:name="androidx.window.extensions"
112-->[androidx.window:window:1.0.0-beta04] AndroidManifest.xml:26:13-54
113            android:required="false" />
113-->[androidx.window:window:1.0.0-beta04] AndroidManifest.xml:27:13-37
114        <uses-library
114-->[androidx.window:window:1.0.0-beta04] AndroidManifest.xml:28:9-30:40
115            android:name="androidx.window.sidecar"
115-->[androidx.window:window:1.0.0-beta04] AndroidManifest.xml:29:13-51
116            android:required="false" />
116-->[androidx.window:window:1.0.0-beta04] AndroidManifest.xml:30:13-37
117
118        <receiver
118-->[com.google.firebase:firebase-messaging:23.0.2] AndroidManifest.xml:31:9-38:20
119            android:name="com.google.firebase.iid.FirebaseInstanceIdReceiver"
119-->[com.google.firebase:firebase-messaging:23.0.2] AndroidManifest.xml:32:13-78
120            android:exported="true"
120-->[com.google.firebase:firebase-messaging:23.0.2] AndroidManifest.xml:33:13-36
121            android:permission="com.google.android.c2dm.permission.SEND" >
121-->[com.google.firebase:firebase-messaging:23.0.2] AndroidManifest.xml:34:13-73
122            <intent-filter>
122-->[:firebase_messaging] AndroidManifest.xml:28:13-30:29
123                <action android:name="com.google.android.c2dm.intent.RECEIVE" />
123-->[:firebase_messaging] AndroidManifest.xml:29:17-81
123-->[:firebase_messaging] AndroidManifest.xml:29:25-78
124            </intent-filter>
125        </receiver>
126        <!--
127             FirebaseMessagingService performs security checks at runtime,
128             but set to not exported to explicitly avoid allowing another app to call it.
129        -->
130        <service
130-->[com.google.firebase:firebase-messaging:23.0.2] AndroidManifest.xml:44:9-51:19
131            android:name="com.google.firebase.messaging.FirebaseMessagingService"
131-->[com.google.firebase:firebase-messaging:23.0.2] AndroidManifest.xml:45:13-82
132            android:directBootAware="true"
132-->[com.google.firebase:firebase-messaging:23.0.2] AndroidManifest.xml:46:13-43
133            android:exported="false" >
133-->[com.google.firebase:firebase-messaging:23.0.2] AndroidManifest.xml:47:13-37
134            <intent-filter android:priority="-500" >
134-->[:firebase_messaging] AndroidManifest.xml:19:13-21:29
135                <action android:name="com.google.firebase.MESSAGING_EVENT" />
135-->[:firebase_messaging] AndroidManifest.xml:20:17-78
135-->[:firebase_messaging] AndroidManifest.xml:20:25-75
136            </intent-filter>
137        </service>
138
139        <provider
139-->[com.google.firebase:firebase-common:20.1.0] AndroidManifest.xml:26:9-31:39
140            android:name="com.google.firebase.provider.FirebaseInitProvider"
140-->[com.google.firebase:firebase-common:20.1.0] AndroidManifest.xml:27:13-77
141            android:authorities="com.task9adderr.taskadder.firebaseinitprovider"
141-->[com.google.firebase:firebase-common:20.1.0] AndroidManifest.xml:28:13-72
142            android:directBootAware="true"
142-->[com.google.firebase:firebase-common:20.1.0] AndroidManifest.xml:29:13-43
143            android:exported="false"
143-->[com.google.firebase:firebase-common:20.1.0] AndroidManifest.xml:30:13-37
144            android:initOrder="100" />
144-->[com.google.firebase:firebase-common:20.1.0] AndroidManifest.xml:31:13-36
145
146        <activity
146-->[com.google.android.gms:play-services-base:18.0.1] AndroidManifest.xml:20:9-22:45
147            android:name="com.google.android.gms.common.api.GoogleApiActivity"
147-->[com.google.android.gms:play-services-base:18.0.1] AndroidManifest.xml:20:19-85
148            android:exported="false"
148-->[com.google.android.gms:play-services-base:18.0.1] AndroidManifest.xml:22:19-43
149            android:theme="@android:style/Theme.Translucent.NoTitleBar" />
149-->[com.google.android.gms:play-services-base:18.0.1] AndroidManifest.xml:21:19-78
150
151        <meta-data
151-->[com.google.android.gms:play-services-basement:18.0.0] AndroidManifest.xml:21:9-23:69
152            android:name="com.google.android.gms.version"
152-->[com.google.android.gms:play-services-basement:18.0.0] AndroidManifest.xml:22:13-58
153            android:value="@integer/google_play_services_version" />
153-->[com.google.android.gms:play-services-basement:18.0.0] AndroidManifest.xml:23:13-66
154
155        <service
155-->[com.google.android.datatransport:transport-backend-cct:3.1.2] AndroidManifest.xml:29:9-35:19
156            android:name="com.google.android.datatransport.runtime.backends.TransportBackendDiscovery"
156-->[com.google.android.datatransport:transport-backend-cct:3.1.2] AndroidManifest.xml:30:13-103
157            android:exported="false" >
157-->[com.google.android.datatransport:transport-backend-cct:3.1.2] AndroidManifest.xml:31:13-37
158            <meta-data
158-->[com.google.android.datatransport:transport-backend-cct:3.1.2] AndroidManifest.xml:32:13-34:39
159                android:name="backend:com.google.android.datatransport.cct.CctBackendFactory"
159-->[com.google.android.datatransport:transport-backend-cct:3.1.2] AndroidManifest.xml:33:17-94
160                android:value="cct" />
160-->[com.google.android.datatransport:transport-backend-cct:3.1.2] AndroidManifest.xml:34:17-36
161        </service>
162        <service
162-->[com.google.android.datatransport:transport-runtime:3.1.2] AndroidManifest.xml:26:9-30:19
163            android:name="com.google.android.datatransport.runtime.scheduling.jobscheduling.JobInfoSchedulerService"
163-->[com.google.android.datatransport:transport-runtime:3.1.2] AndroidManifest.xml:27:13-117
164            android:exported="false"
164-->[com.google.android.datatransport:transport-runtime:3.1.2] AndroidManifest.xml:28:13-37
165            android:permission="android.permission.BIND_JOB_SERVICE" >
165-->[com.google.android.datatransport:transport-runtime:3.1.2] AndroidManifest.xml:29:13-69
166        </service>
167
168        <receiver
168-->[com.google.android.datatransport:transport-runtime:3.1.2] AndroidManifest.xml:32:9-34:40
169            android:name="com.google.android.datatransport.runtime.scheduling.jobscheduling.AlarmManagerSchedulerBroadcastReceiver"
169-->[com.google.android.datatransport:transport-runtime:3.1.2] AndroidManifest.xml:33:13-132
170            android:exported="false" />
170-->[com.google.android.datatransport:transport-runtime:3.1.2] AndroidManifest.xml:34:13-37
171    </application>
172
173</manifest>